{
  "RSpec": {
    "coverage": {
      "/Users/rdias/checkmate_workspace/movie_type/app/helpers/application_helper.rb": {
        "lines": [
          1,
          null
        ],
        "branches": {}
      },
      "/Users/rdias/checkmate_workspace/movie_type/app/models/personality_dimension.rb": {
        "lines": [
          1,
          1,
          null,
          1,
          1,
          1,
          null,
          1,
          20,
          null,
          null,
          1,
          null,
          null,
          null,
          38,
          null,
          null,
          1,
          12,
          4,
          4,
          4,
          4,
          4,
          4,
          null,
          null
        ],
        "branches": {
          "[:if, 0, 16, 4, 16, 72]": {
            "[:then, 1, 16, 30, 16, 49]": 17,
            "[:else, 2, 16, 52, 16, 72]": 21
          }
        }
      },
      "/Users/rdias/checkmate_workspace/movie_type/app/models/application_record.rb": {
        "lines": [
          1,
          1,
          null
        ],
        "branches": {}
      },
      "/Users/rdias/checkmate_workspace/movie_type/app/models/user_response.rb": {
        "lines": [
          1,
          1,
          null,
          1,
          1,
          null,
          null,
          1,
          7,
          null,
          null,
          null,
          1,
          10,
          null,
          null,
          7,
          null,
          null,
          null,
          null,
          null,
          null,
          7,
          10,
          null,
          null,
          null,
          null,
          1,
          6,
          6,
          null,
          9,
          null,
          null,
          null,
          null,
          null,
          null,
          null
        ],
        "branches": {
          "[:unless, 0, 14, 4, 14, 41]": {
            "[:else, 1, 14, 4, 14, 41]": 7,
            "[:then, 2, 14, 4, 14, 14]": 3
          }
        }
      },
      "/Users/rdias/checkmate_workspace/movie_type/app/presenters/result_presenter.rb": {
        "lines": [
          1,
          1,
          null,
          1,
          8,
          8,
          8,
          null,
          null,
          1,
          8,
          8,
          8,
          null,
          null,
          8,
          null,
          null,
          8,
          8,
          8,
          null,
          8,
          7,
          null,
          7,
          7,
          null,
          1,
          1,
          1,
          1,
          1,
          null,
          null,
          null,
          1,
          1,
          20,
          4,
          null,
          8,
          4,
          4,
          null,
          null,
          4,
          null,
          null,
          null,
          null,
          null,
          null,
          null,
          0,
          0,
          null,
          null,
          1,
          null,
          1,
          2,
          2,
          null,
          null,
          1,
          null,
          2,
          null,
          null,
          null,
          null,
          null,
          null,
          null,
          null,
          null,
          null,
          null,
          null,
          null,
          null,
          null,
          null,
          1,
          null,
          8,
          null,
          null,
          8,
          149,
          null,
          null,
          33,
          5,
          5,
          5,
          5,
          null,
          null,
          56,
          28,
          null,
          28,
          28,
          28,
          28,
          null,
          28,
          28,
          28,
          null,
          null,
          null,
          8,
          null,
          null,
          1,
          54,
          null,
          null,
          null,
          1,
          8,
          33,
          33,
          null,
          null,
          null,
          8,
          8,
          8,
          8,
          null,
          0,
          0,
          0,
          null,
          null,
          null,
          1,
          159,
          35,
          null,
          58,
          29,
          null,
          null
        ],
        "branches": {
          "[:if, 0, 19, 6, 28, 9]": {
            "[:then, 1, 20, 8, 27, 76]": 8,
            "[:else, 2, 19, 6, 28, 9]": 0
          },
          "[:if, 3, 40, 6, 40, 44]": {
            "[:then, 4, 40, 6, 40, 14]": 0,
            "[:else, 5, 40, 6, 40, 44]": 4
          },
          "[:if, 6, 94, 6, 112, 9]": {
            "[:then, 7, 95, 8, 98, 14]": 5,
            "[:else, 8, 101, 8, 111, 14]": 28
          },
          "[:if, 9, 125, 14, 125, 117]": {
            "[:then, 10, 125, 91, 125, 103]": 14,
            "[:else, 11, 125, 106, 125, 117]": 19
          },
          "[:if, 12, 143, 4, 143, 32]": {
            "[:then, 13, 143, 4, 143, 12]": 6,
            "[:else, 14, 143, 4, 143, 32]": 29
          }
        }
      },
      "/Users/rdias/checkmate_workspace/movie_type/app/services/openai_service.rb": {
        "lines": [
          1,
          1,
          null,
          1,
          1,
          45,
          45,
          null,
          null,
          1,
          3,
          null,
          3,
          null,
          null,
          null,
          null,
          null,
          null,
          null,
          null,
          null,
          null,
          null,
          null,
          null,
          null,
          null,
          null,
          null,
          null,
          null,
          3,
          null,
          null,
          null,
          null,
          null,
          null,
          null,
          null,
          null,
          2,
          2,
          1,
          1,
          1,
          null,
          null,
          null,
          1,
          3,
          3,
          null,
          null,
          6,
          3,
          null,
          3,
          null,
          3,
          null,
          null,
          null,
          null,
          null,
          null,
          null,
          null,
          null,
          null,
          null,
          null,
          null,
          null,
          null,
          null,
          3,
          3,
          null,
          null,
          3,
          3,
          null,
          null,
          null,
          null,
          null,
          null,
          null,
          null,
          null,
          2,
          2,
          null,
          null,
          2,
          2,
          2,
          null,
          null,
          2,
          2,
          1,
          null,
          null,
          null,
          1,
          null,
          null,
          1,
          null,
          null,
          1,
          0,
          0,
          null,
          null,
          1,
          1,
          1,
          1,
          1,
          null,
          1,
          1,
          1,
          null,
          null,
          null,
          1,
          2,
          null,
          null,
          null,
          null,
          null,
          null,
          null,
          null,
          null,
          null,
          null,
          null,
          null,
          null,
          null,
          null,
          null,
          2,
          null,
          null,
          null,
          null,
          null,
          null,
          null,
          null,
          null,
          null,
          1,
          1,
          1,
          1,
          1,
          null,
          null,
          null,
          1,
          0,
          null,
          null,
          1,
          3,
          null,
          3,
          1,
          null,
          null,
          3,
          null,
          1,
          null,
          null,
          null,
          null,
          null,
          1,
          null,
          null,
          null,
          16,
          null,
          1,
          16,
          null,
          16,
          16,
          16,
          16,
          null,
          null,
          null,
          null,
          null,
          null,
          null,
          1,
          null,
          1,
          6,
          6,
          4,
          2,
          1,
          null,
          1,
          null,
          null,
          6,
          null,
          null,
          null,
          1,
          2,
          null,
          2,
          null,
          null,
          null,
          null,
          null,
          null,
          null,
          null,
          null,
          null,
          null,
          null,
          null,
          null,
          null,
          null
        ],
        "branches": {
          "[:if, 0, 6, 50, 6, 104]": {
            "[:then, 1, 6, 83, 6, 92]": 45,
            "[:else, 2, 6, 95, 6, 104]": 0
          },
          "[:if, 3, 114, 8, 117, 11]": {
            "[:then, 4, 115, 10, 116, 50]": 0,
            "[:else, 5, 114, 8, 117, 11]": 1
          },
          "[:if, 6, 176, 4, 178, 7]": {
            "[:then, 7, 177, 6, 177, 35]": 1,
            "[:else, 8, 176, 4, 178, 7]": 2
          },
          "[:if, 9, 197, 23, 197, 77]": {
            "[:then, 10, 197, 40, 197, 54]": 8,
            "[:else, 11, 197, 57, 197, 77]": 8
          },
          "[:if, 12, 198, 18, 198, 56]": {
            "[:then, 13, 198, 35, 198, 46]": 8,
            "[:else, 14, 198, 49, 198, 56]": 8
          },
          "[:if, 15, 199, 25, 199, 65]": {
            "[:then, 16, 199, 42, 199, 52]": 8,
            "[:else, 17, 199, 55, 199, 65]": 8
          },
          "[:if, 18, 200, 28, 200, 69]": {
            "[:then, 19, 200, 45, 200, 55]": 8,
            "[:else, 20, 200, 58, 200, 69]": 8
          },
          "[:if, 21, 214, 6, 217, 77]": {
            "[:then, 22, 215, 8, 215, 54]": 1,
            "[:else, 23, 217, 8, 217, 77]": 1
          },
          "[:if, 24, 212, 19, 218, 9]": {
            "[:then, 25, 213, 8, 213, 55]": 4,
            "[:else, 26, 214, 6, 217, 77]": 2
          }
        }
      },
      "/Users/rdias/checkmate_workspace/movie_type/app/services/personality_archetype_service.rb": {
        "lines": [
          1,
          null,
          1,
          null,
          null,
          null,
          null,
          null,
          null,
          null,
          null,
          null,
          null,
          null,
          null,
          null,
          null,
          null,
          null,
          null,
          null,
          null,
          null,
          null,
          null,
          null,
          null,
          null,
          null,
          null,
          null,
          null,
          null,
          null,
          null,
          null,
          1,
          null,
          22,
          null,
          null,
          null,
          22,
          null,
          null
        ],
        "branches": {}
      },
      "/Users/rdias/checkmate_workspace/movie_type/app/models/quiz_question.rb": {
        "lines": [
          1,
          1,
          1,
          null,
          1,
          1,
          null,
          null,
          null,
          null,
          null,
          1,
          69,
          null,
          null,
          null,
          null,
          null,
          null,
          null,
          69,
          null,
          null
        ],
        "branches": {
          "[:unless, 0, 13, 4, 13, 49]": {
            "[:else, 1, 13, 4, 13, 49]": 69,
            "[:then, 2, 13, 4, 13, 12]": 0
          }
        }
      },
      "/Users/rdias/checkmate_workspace/movie_type/app/channels/application_cable/channel.rb": {
        "lines": [
          0,
          0,
          0,
          0
        ],
        "branches": {}
      },
      "/Users/rdias/checkmate_workspace/movie_type/app/channels/application_cable/connection.rb": {
        "lines": [
          0,
          0,
          0,
          0
        ],
        "branches": {}
      },
      "/Users/rdias/checkmate_workspace/movie_type/app/controllers/application_controller.rb": {
        "lines": [
          0,
          null,
          0,
          null,
          0,
          0,
          null,
          0,
          null,
          0,
          null,
          0,
          0,
          0,
          0
        ],
        "branches": {}
      },
      "/Users/rdias/checkmate_workspace/movie_type/app/controllers/quiz_controller.rb": {
        "lines": [
          0,
          0,
          null,
          0,
          0,
          0,
          null,
          0,
          0,
          0,
          null,
          null,
          0,
          0,
          null,
          null,
          0,
          0,
          0,
          null,
          0,
          0,
          null,
          0,
          0,
          0,
          null,
          null,
          0,
          0,
          0,
          0,
          0,
          null,
          0,
          null,
          0,
          0,
          0,
          0,
          null,
          0,
          0,
          null,
          null,
          0,
          0,
          0,
          0,
          0,
          null,
          0,
          null,
          null,
          0,
          0,
          0,
          0,
          0,
          null,
          null,
          0,
          0,
          null,
          null,
          0,
          0,
          0,
          0,
          0,
          null,
          null,
          0,
          0,
          0,
          0,
          0,
          null,
          0,
          null,
          0,
          0,
          0,
          0,
          0,
          0,
          0,
          null,
          0,
          null,
          0,
          0,
          0,
          0,
          0,
          0,
          0,
          0,
          0,
          0,
          null,
          0,
          0,
          0,
          0,
          0,
          null,
          0,
          null,
          null,
          0,
          0,
          0,
          0,
          0,
          0,
          0,
          0,
          null,
          0,
          null,
          null,
          0,
          0,
          0,
          0,
          0,
          0,
          0,
          0
        ],
        "branches": {}
      },
      "/Users/rdias/checkmate_workspace/movie_type/app/jobs/application_job.rb": {
        "lines": [
          0,
          null,
          null,
          null,
          null,
          null,
          0
        ],
        "branches": {}
      },
      "/Users/rdias/checkmate_workspace/movie_type/app/mailers/application_mailer.rb": {
        "lines": [
          0,
          0,
          0,
          0
        ],
        "branches": {}
      },
      "/Users/rdias/checkmate_workspace/movie_type/app/mailers/quiz_mailer.rb": {
        "lines": [
          0,
          0,
          0,
          0,
          0,
          0,
          0,
          0,
          null,
          0,
          0,
          0,
          0,
          0,
          0
        ],
        "branches": {}
      }
    },
    "timestamp": 1746057185
  }
}
