{
  "RSpec": {
    "coverage": {
      "/Users/rdias/checkmate_workspace/movie_type/app/helpers/application_helper.rb": {
        "lines": [
          1,
          null
        ],
        "branches": {}
      },
      "/Users/rdias/checkmate_workspace/movie_type/app/presenters/result_presenter.rb": {
        "lines": [
          1,
          1,
          null,
          1,
          1,
          1,
          1,
          null,
          null,
          1,
          1,
          1,
          1,
          null,
          null,
          1,
          null,
          null,
          1,
          1,
          1,
          null,
          1,
          1,
          null,
          1,
          1,
          null,
          0,
          0,
          0,
          0,
          0,
          null,
          null,
          null,
          1,
          0,
          0,
          0,
          null,
          0,
          0,
          0,
          null,
          null,
          0,
          null,
          null,
          null,
          null,
          null,
          null,
          null,
          0,
          0,
          null,
          null,
          1,
          null,
          1,
          0,
          0,
          null,
          null,
          1,
          null,
          0,
          null,
          null,
          null,
          null,
          null,
          null,
          null,
          null,
          null,
          null,
          null,
          null,
          null,
          null,
          null,
          null,
          1,
          null,
          1,
          null,
          null,
          1,
          0,
          null,
          null,
          0,
          0,
          null,
          0,
          0,
          0,
          0,
          null,
          0,
          0,
          0,
          null,
          null,
          1,
          null,
          null,
          1,
          2,
          null,
          null,
          null,
          1,
          1,
          0,
          0,
          null,
          null,
          null,
          1,
          1,
          1,
          1,
          null,
          0,
          0,
          0,
          null,
          null,
          null,
          1,
          0,
          0,
          null,
          0,
          0,
          null,
          null
        ],
        "branches": {
          "[:if, 0, 19, 6, 28, 9]": {
            "[:then, 1, 20, 8, 27, 76]": 1,
            "[:else, 2, 19, 6, 28, 9]": 0
          },
          "[:if, 3, 40, 6, 40, 44]": {
            "[:then, 4, 40, 6, 40, 14]": 0,
            "[:else, 5, 40, 6, 40, 44]": 0
          },
          "[:if, 6, 117, 14, 117, 117]": {
            "[:then, 7, 117, 91, 117, 103]": 0,
            "[:else, 8, 117, 106, 117, 117]": 0
          },
          "[:if, 9, 135, 4, 135, 32]": {
            "[:then, 10, 135, 4, 135, 12]": 0,
            "[:else, 11, 135, 4, 135, 32]": 0
          }
        }
      },
      "/Users/rdias/checkmate_workspace/movie_type/app/models/user_response.rb": {
        "lines": [
          1,
          1,
          null,
          1,
          1,
          null,
          null,
          1,
          0,
          null,
          null,
          null,
          1,
          0,
          null,
          null,
          0,
          null,
          null,
          null,
          null,
          null,
          null,
          0,
          0,
          null,
          null,
          null,
          null,
          1,
          0,
          0,
          null,
          0,
          null,
          null,
          null,
          null,
          null,
          null,
          null
        ],
        "branches": {
          "[:unless, 0, 14, 4, 14, 41]": {
            "[:else, 1, 14, 4, 14, 41]": 0,
            "[:then, 2, 14, 4, 14, 14]": 0
          }
        }
      },
      "/Users/rdias/checkmate_workspace/movie_type/app/models/application_record.rb": {
        "lines": [
          1,
          1,
          null
        ],
        "branches": {}
      },
      "/Users/rdias/checkmate_workspace/movie_type/app/models/personality_dimension.rb": {
        "lines": [
          1,
          1,
          null,
          1,
          1,
          1,
          null,
          1,
          0,
          null,
          null,
          1,
          null,
          null,
          null,
          0,
          null,
          null,
          1,
          0,
          0,
          0,
          0,
          0,
          0,
          0,
          null,
          null
        ],
        "branches": {
          "[:if, 0, 16, 4, 16, 72]": {
            "[:then, 1, 16, 30, 16, 49]": 0,
            "[:else, 2, 16, 52, 16, 72]": 0
          }
        }
      },
      "/Users/rdias/checkmate_workspace/movie_type/app/services/personality_archetype_service.rb": {
        "lines": [
          1,
          null,
          1,
          null,
          null,
          null,
          null,
          null,
          null,
          null,
          null,
          null,
          null,
          null,
          null,
          null,
          null,
          null,
          null,
          null,
          null,
          null,
          null,
          null,
          null,
          null,
          null,
          null,
          null,
          null,
          null,
          null,
          null,
          null,
          null,
          null,
          1,
          null,
          1,
          null,
          null,
          null,
          1,
          null,
          null
        ],
        "branches": {}
      },
      "/Users/rdias/checkmate_workspace/movie_type/app/services/openai_service.rb": {
        "lines": [
          1,
          1,
          null,
          1,
          1,
          2,
          2,
          null,
          null,
          1,
          1,
          null,
          1,
          null,
          null,
          null,
          null,
          null,
          null,
          null,
          null,
          null,
          null,
          null,
          null,
          null,
          null,
          null,
          null,
          null,
          null,
          null,
          1,
          null,
          null,
          null,
          null,
          null,
          null,
          null,
          null,
          null,
          1,
          1,
          0,
          0,
          0,
          null,
          null,
          null,
          1,
          1,
          1,
          null,
          null,
          1,
          0,
          null,
          1,
          null,
          1,
          null,
          null,
          null,
          null,
          null,
          null,
          null,
          null,
          null,
          null,
          null,
          null,
          null,
          null,
          null,
          null,
          1,
          1,
          null,
          null,
          1,
          1,
          null,
          null,
          null,
          null,
          null,
          null,
          null,
          null,
          null,
          1,
          1,
          null,
          null,
          1,
          1,
          1,
          null,
          null,
          1,
          1,
          0,
          null,
          null,
          null,
          0,
          null,
          null,
          0,
          null,
          null,
          0,
          0,
          0,
          null,
          null,
          0,
          1,
          1,
          1,
          1,
          null,
          0,
          0,
          0,
          null,
          null,
          null,
          1,
          1,
          null,
          null,
          null,
          null,
          null,
          null,
          null,
          null,
          null,
          null,
          null,
          null,
          null,
          null,
          null,
          null,
          null,
          1,
          null,
          null,
          null,
          null,
          null,
          null,
          null,
          null,
          null,
          null,
          1,
          0,
          0,
          0,
          0,
          null,
          null,
          null,
          1,
          0,
          null,
          null,
          1,
          0,
          null,
          0,
          0,
          null,
          null,
          0,
          null,
          0,
          null,
          null,
          null,
          null,
          null,
          0,
          null,
          null,
          null,
          0,
          null,
          0,
          0,
          null,
          0,
          0,
          0,
          0,
          null,
          null,
          null,
          null,
          null,
          null,
          null,
          1,
          null,
          1,
          1,
          0,
          0,
          0,
          0,
          null,
          0,
          null,
          null,
          0,
          null,
          null,
          null,
          1,
          1,
          null,
          1,
          null,
          null,
          null,
          null,
          null,
          null,
          null,
          null,
          null,
          null,
          null,
          null,
          null,
          null,
          null,
          null
        ],
        "branches": {
          "[:if, 0, 6, 50, 6, 104]": {
            "[:then, 1, 6, 83, 6, 92]": 2,
            "[:else, 2, 6, 95, 6, 104]": 0
          },
          "[:if, 3, 114, 8, 117, 11]": {
            "[:then, 4, 115, 10, 116, 50]": 0,
            "[:else, 5, 114, 8, 117, 11]": 0
          },
          "[:if, 6, 176, 4, 178, 7]": {
            "[:then, 7, 177, 6, 177, 35]": 0,
            "[:else, 8, 176, 4, 178, 7]": 0
          },
          "[:if, 9, 197, 23, 197, 77]": {
            "[:then, 10, 197, 40, 197, 54]": 0,
            "[:else, 11, 197, 57, 197, 77]": 0
          },
          "[:if, 12, 198, 18, 198, 56]": {
            "[:then, 13, 198, 35, 198, 46]": 0,
            "[:else, 14, 198, 49, 198, 56]": 0
          },
          "[:if, 15, 199, 25, 199, 65]": {
            "[:then, 16, 199, 42, 199, 52]": 0,
            "[:else, 17, 199, 55, 199, 65]": 0
          },
          "[:if, 18, 200, 28, 200, 69]": {
            "[:then, 19, 200, 45, 200, 55]": 0,
            "[:else, 20, 200, 58, 200, 69]": 0
          },
          "[:if, 21, 214, 6, 217, 77]": {
            "[:then, 22, 215, 8, 215, 54]": 0,
            "[:else, 23, 217, 8, 217, 77]": 0
          },
          "[:if, 24, 212, 19, 218, 9]": {
            "[:then, 25, 213, 8, 213, 55]": 0,
            "[:else, 26, 214, 6, 217, 77]": 0
          }
        }
      },
      "/Users/rdias/checkmate_workspace/movie_type/app/channels/application_cable/channel.rb": {
        "lines": [
          0,
          0,
          0,
          0
        ],
        "branches": {}
      },
      "/Users/rdias/checkmate_workspace/movie_type/app/channels/application_cable/connection.rb": {
        "lines": [
          0,
          0,
          0,
          0
        ],
        "branches": {}
      },
      "/Users/rdias/checkmate_workspace/movie_type/app/controllers/application_controller.rb": {
        "lines": [
          0,
          null,
          0,
          null,
          0,
          0,
          null,
          0,
          null,
          0,
          null,
          0,
          0,
          0,
          0
        ],
        "branches": {}
      },
      "/Users/rdias/checkmate_workspace/movie_type/app/controllers/quiz_controller.rb": {
        "lines": [
          0,
          0,
          null,
          0,
          0,
          0,
          null,
          0,
          0,
          0,
          null,
          null,
          0,
          0,
          null,
          null,
          0,
          0,
          0,
          null,
          0,
          0,
          null,
          0,
          0,
          0,
          null,
          null,
          0,
          0,
          0,
          0,
          0,
          null,
          0,
          null,
          0,
          0,
          0,
          0,
          null,
          0,
          0,
          null,
          null,
          0,
          0,
          0,
          0,
          0,
          null,
          0,
          null,
          null,
          0,
          0,
          0,
          0,
          0,
          null,
          null,
          0,
          0,
          null,
          null,
          0,
          0,
          0,
          0,
          0,
          null,
          null,
          0,
          0,
          0,
          0,
          0,
          null,
          0,
          null,
          0,
          0,
          0,
          0,
          0,
          0,
          0,
          null,
          0,
          null,
          0,
          0,
          0,
          0,
          0,
          0,
          0,
          0,
          0,
          0,
          null,
          0,
          0,
          0,
          0,
          0,
          null,
          0,
          null,
          null,
          0,
          0,
          0,
          0,
          0,
          0,
          0,
          0,
          null,
          0,
          null,
          null,
          0,
          0,
          0,
          0,
          0,
          0,
          0,
          0
        ],
        "branches": {}
      },
      "/Users/rdias/checkmate_workspace/movie_type/app/jobs/application_job.rb": {
        "lines": [
          0,
          null,
          null,
          null,
          null,
          null,
          0
        ],
        "branches": {}
      },
      "/Users/rdias/checkmate_workspace/movie_type/app/mailers/application_mailer.rb": {
        "lines": [
          0,
          0,
          0,
          0
        ],
        "branches": {}
      },
      "/Users/rdias/checkmate_workspace/movie_type/app/mailers/quiz_mailer.rb": {
        "lines": [
          0,
          0,
          0,
          0,
          0,
          0,
          0,
          0,
          null,
          0,
          0,
          0,
          0,
          0,
          0
        ],
        "branches": {}
      },
      "/Users/rdias/checkmate_workspace/movie_type/app/models/quiz_question.rb": {
        "lines": [
          0,
          0,
          0,
          null,
          0,
          0,
          null,
          null,
          null,
          null,
          null,
          0,
          0,
          null,
          null,
          null,
          null,
          null,
          null,
          null,
          0,
          0,
          0
        ],
        "branches": {}
      }
    },
    "timestamp": 1746045686
  }
}
